0 info it worked if it ends with ok
1 verbose cli [ 'C:\\Program Files (x86)\\nodejs\\\\node.exe',
1 verbose cli   'C:\\Program Files (x86)\\nodejs\\node_modules\\npm\\bin\\npm-cli.js',
1 verbose cli   'start' ]
2 info using npm@1.1.33
3 info using node@v0.8.1
4 verbose node symlink C:\Program Files (x86)\nodejs\\node.exe
5 verbose config file C:\Users\Mikeshi\.npmrc
6 verbose config file C:\Program Files (x86)\nodejs\etc\npmrc
7 verbose config file C:\Program Files (x86)\nodejs\node_modules\npm\npmrc
8 verbose read json D:\jstodo\package.json
9 verbose run-script [ 'prestart', 'start', 'poststart' ]
10 info prestart jstodo@0.0.1
11 info start jstodo@0.0.1
12 verbose unsafe-perm in lifecycle true
13 silly exec cmd "/c" "node server"
14 silly cmd,/c,node server,D:\jstodo spawning
15 info jstodo@0.0.1 Failed to exec start script
16 error jstodo@0.0.1 start: `node server`
16 error `cmd "/c" "node server"` failed with 1
17 error Failed at the jstodo@0.0.1 start script.
17 error This is most likely a problem with the jstodo package,
17 error not with npm itself.
17 error Tell the author that this fails on your system:
17 error     node server
17 error You can get their info via:
17 error     npm owner ls jstodo
17 error There is likely additional logging output above.
18 error System Windows_NT 6.1.7601
19 error command "C:\\Program Files (x86)\\nodejs\\\\node.exe" "C:\\Program Files (x86)\\nodejs\\node_modules\\npm\\bin\\npm-cli.js" "start"
20 error cwd D:\jstodo
21 error node -v v0.8.1
22 error npm -v 1.1.33
23 error code ELIFECYCLE
24 error message jstodo@0.0.1 start: `node server`
24 error message `cmd "/c" "node server"` failed with 1
25 verbose exit [ 1, true ]
